TN:
SF:/Users/pc/project/programs-fe-challenges-kit/frontend/src/utils/uniqueArray.js
FN:2,uniqueArray
FNF:1
FNH:1
FNDA:2,uniqueArray
DA:3,2
LF:1
LH:1
BRF:0
BRH:0
end_of_record
TN:
SF:/Users/pc/project/programs-fe-challenges-kit/frontend/src/utils/validator.js
FN:1,(anonymous_0)
FN:7,(anonymous_1)
FN:9,(anonymous_2)
FNF:3
FNH:3
FNDA:1,(anonymous_0)
FNDA:1,(anonymous_1)
FNDA:3,(anonymous_2)
DA:1,1
DA:2,1
DA:3,1
DA:5,0
DA:8,1
DA:10,3
DA:14,1
LF:7
LH:6
BRDA:2,0,0,1
BRDA:2,0,1,0
BRF:2
BRH:1
end_of_record
